0 info it worked if it ends with ok
1 verbose cli [ '/Users/stian/.nvm/v0.10.24/bin/node',
1 verbose cli   '/Users/stian/.nvm/v0.10.24/bin/npm',
1 verbose cli   'publish',
1 verbose cli   '.' ]
2 info using npm@1.3.21
3 info using node@v0.10.24
4 verbose publish [ '.' ]
5 error Failed to parse json
5 error Unexpected token }
6 error File: /Users/stian/Dropbox/Private/proj/node/recli/package.json
7 error Failed to parse package.json data.
7 error package.json must be actual JSON, not just JavaScript.
7 error
7 error This is not a bug in npm.
7 error Tell the package author to fix their package.json file. JSON.parse
8 error System Darwin 13.0.0
9 error command "/Users/stian/.nvm/v0.10.24/bin/node" "/Users/stian/.nvm/v0.10.24/bin/npm" "publish" "."
10 error cwd /Users/stian/Dropbox/Private/proj/node/recli
11 error node -v v0.10.24
12 error npm -v 1.3.21
13 error file /Users/stian/Dropbox/Private/proj/node/recli/package.json
14 error code EJSONPARSE
15 verbose exit [ 1, true ]
